<?xml version="1.0" encoding="UTF-8"?>
<mule xmlns:sfdc="http://www.mulesoft.org/schema/mule/sfdc"
	xmlns:siebel="http://www.mulesoft.org/schema/mule/siebel" xmlns="http://www.mulesoft.org/schema/mule/core"
	xmlns:doc="http://www.mulesoft.org/schema/mule/documentation"
	xmlns:spring="http://www.springframework.org/schema/beans" version="EE-3.5.0"
	xmlns:xsi="http://www.w3.org/2001/XMLSchema-instance"
	xsi:schemaLocation="http://www.mulesoft.org/schema/mule/siebel http://www.mulesoft.org/schema/mule/siebel/current/mule-siebel.xsd
http://www.springframework.org/schema/beans http://www.springframework.org/schema/beans/spring-beans-current.xsd
http://www.mulesoft.org/schema/mule/core http://www.mulesoft.org/schema/mule/core/current/mule.xsd
http://www.mulesoft.org/schema/mule/sfdc http://www.mulesoft.org/schema/mule/sfdc/current/mule-sfdc.xsd">

	<sub-flow name="insertSalesforceAccountSubFlow" doc:name="insertSalesforceAccountSubFlow">
		<sfdc:upsert config-ref="Salesforce" externalIdFieldName="Id"
			type="Account" doc:name="Insert Account">
			<sfdc:objects>
				<sfdc:object>
					<sfdc:inner-object key="Name">#[payload.Name]</sfdc:inner-object>
				</sfdc:object>
			</sfdc:objects>
		</sfdc:upsert>
	</sub-flow>

	<sub-flow name="deleteAccountFromSalesforceFlow" doc:name="deleteAccountFromSalesforceFlow">
		<sfdc:delete config-ref="Salesforce" doc:name="Salesforce">
			<sfdc:ids ref="#[payload]" />
		</sfdc:delete>
	</sub-flow>

	<sub-flow name="selectAccountFromSiebelFlow" doc:name="selectAccountFromSiebelFlow">
		<siebel:query-business-components
			config-ref="OracleSiebelBusinessObjects" businessObjectComponentType="Account.Account"
			doc:name="query Accounts from Siebel" searchExpression="[Name] = &quot;#[payload.Name]&quot;">
			<siebel:fields-to-retrieve>
				<siebel:fields-to-retrieve>Id</siebel:fields-to-retrieve>
				<siebel:fields-to-retrieve>Name</siebel:fields-to-retrieve>
			</siebel:fields-to-retrieve>
		</siebel:query-business-components>
	</sub-flow>

	<sub-flow name="deleteAccountsFromSiebelFlow" doc:name="deleteAccountsFromSiebelFlow">
		<foreach doc:name="For Each">
			<siebel:delete-business-component
				config-ref="OracleSiebelBusinessObjects" businessComponentId="#[payload]"
				businessObjectComponentType="Account.Account" doc:name="Oracle Siebel Business Objects" />
		</foreach>
	</sub-flow>
</mule>
